{"name": "test_error_username_password[an5456-23456]", "status": "broken", "statusDetails": {"message": "selenium.common.exceptions.NoSuchElementException: Message: no such element: Unable to locate element: {\"method\":\"css selector\",\"selector\":\".alert-warning\"}\n  (Session info: chrome=75.0.3770.142)", "trace": "self = <test_home.test_home.TestHomework object at 0x11055e940>, username = 'an5456', password = 23456\n\n    @allure.story(\"错误的用户名密码登录\")\n    @pytest.mark.parametrize(\"username,password\", [\n        (\"an5456\", 23456),\n    ])\n    def test_error_username_password(self, username, password):\n        \"\"\"\n            错误的用户名密码登录\n            \"\"\"\n    \n        with allure.step(\"点击登录按钮\"):\n            self.driver.find_element(By.CSS_SELECTOR, \"a[href*='sign_in']\").click()\n    \n        with allure.step(\"输入用户名、密码\"):\n            username_element = self.driver.find_element(By.CSS_SELECTOR, \"#user_login\")\n            username_element.clear()\n            username_element.send_keys(username)\n    \n            password_element = self.driver.find_element(By.CSS_SELECTOR, \"#user_password\")\n            password_element.clear()\n            password_element.send_keys(password)\n    \n            button_element = self.driver.find_element(By.CSS_SELECTOR, \"input[value*='登录']\")\n            # button_element.click()\n    \n        with allure.step(\"断言用户名密码错误\"):\n>           error_info = self.driver.find_element(By.CSS_SELECTOR, \".alert-warning\").text\n\ntest_home.py:98: \n_ _ _ _ _ _ _ _ _ _ _ _ _ _ _ _ _ _ _ _ _ _ _ _ _ _ _ _ _ _ _ _ _ _ _ _ _ _ _ _ _ _ _ _ _ _ _ _ _ _ _ _ _ _ _ _ \n/workspace/python_env/sty_env/lib/python3.6/site-packages/selenium/webdriver/remote/webdriver.py:978: in find_element\n    'value': value})['value']\n/workspace/python_env/sty_env/lib/python3.6/site-packages/selenium/webdriver/remote/webdriver.py:321: in execute\n    self.error_handler.check_response(response)\n_ _ _ _ _ _ _ _ _ _ _ _ _ _ _ _ _ _ _ _ _ _ _ _ _ _ _ _ _ _ _ _ _ _ _ _ _ _ _ _ _ _ _ _ _ _ _ _ _ _ _ _ _ _ _ _ \n\nself = <selenium.webdriver.remote.errorhandler.ErrorHandler object at 0x11055e390>\nresponse = {'status': 404, 'value': '{\"value\":{\"error\":\"no such element\",\"message\":\"no such element: Unable to locate element: {\\...7fff60e5f249 _pthread_start + 66\\\\n20  libsystem_pthread.dylib             0x00007fff60e5b40d thread_start + 13\\\\n\"}}'}\n\n    def check_response(self, response):\n        \"\"\"\n            Checks that a JSON response from the WebDriver does not have an error.\n    \n            :Args:\n             - response - The JSON response from the WebDriver server as a dictionary\n               object.\n    \n            :Raises: If the response contains an error message.\n            \"\"\"\n        status = response.get('status', None)\n        if status is None or status == ErrorCode.SUCCESS:\n            return\n        value = None\n        message = response.get(\"message\", \"\")\n        screen = response.get(\"screen\", \"\")\n        stacktrace = None\n        if isinstance(status, int):\n            value_json = response.get('value', None)\n            if value_json and isinstance(value_json, basestring):\n                import json\n                try:\n                    value = json.loads(value_json)\n                    if len(value.keys()) == 1:\n                        value = value['value']\n                    status = value.get('error', None)\n                    if status is None:\n                        status = value[\"status\"]\n                        message = value[\"value\"]\n                        if not isinstance(message, basestring):\n                            value = message\n                            message = message.get('message')\n                    else:\n                        message = value.get('message', None)\n                except ValueError:\n                    pass\n    \n        exception_class = ErrorInResponseException\n        if status in ErrorCode.NO_SUCH_ELEMENT:\n            exception_class = NoSuchElementException\n        elif status in ErrorCode.NO_SUCH_FRAME:\n            exception_class = NoSuchFrameException\n        elif status in ErrorCode.NO_SUCH_WINDOW:\n            exception_class = NoSuchWindowException\n        elif status in ErrorCode.STALE_ELEMENT_REFERENCE:\n            exception_class = StaleElementReferenceException\n        elif status in ErrorCode.ELEMENT_NOT_VISIBLE:\n            exception_class = ElementNotVisibleException\n        elif status in ErrorCode.INVALID_ELEMENT_STATE:\n            exception_class = InvalidElementStateException\n        elif status in ErrorCode.INVALID_SELECTOR \\\n                or status in ErrorCode.INVALID_XPATH_SELECTOR \\\n                or status in ErrorCode.INVALID_XPATH_SELECTOR_RETURN_TYPER:\n            exception_class = InvalidSelectorException\n        elif status in ErrorCode.ELEMENT_IS_NOT_SELECTABLE:\n            exception_class = ElementNotSelectableException\n        elif status in ErrorCode.ELEMENT_NOT_INTERACTABLE:\n            exception_class = ElementNotInteractableException\n        elif status in ErrorCode.INVALID_COOKIE_DOMAIN:\n            exception_class = InvalidCookieDomainException\n        elif status in ErrorCode.UNABLE_TO_SET_COOKIE:\n            exception_class = UnableToSetCookieException\n        elif status in ErrorCode.TIMEOUT:\n            exception_class = TimeoutException\n        elif status in ErrorCode.SCRIPT_TIMEOUT:\n            exception_class = TimeoutException\n        elif status in ErrorCode.UNKNOWN_ERROR:\n            exception_class = WebDriverException\n        elif status in ErrorCode.UNEXPECTED_ALERT_OPEN:\n            exception_class = UnexpectedAlertPresentException\n        elif status in ErrorCode.NO_ALERT_OPEN:\n            exception_class = NoAlertPresentException\n        elif status in ErrorCode.IME_NOT_AVAILABLE:\n            exception_class = ImeNotAvailableException\n        elif status in ErrorCode.IME_ENGINE_ACTIVATION_FAILED:\n            exception_class = ImeActivationFailedException\n        elif status in ErrorCode.MOVE_TARGET_OUT_OF_BOUNDS:\n            exception_class = MoveTargetOutOfBoundsException\n        elif status in ErrorCode.JAVASCRIPT_ERROR:\n            exception_class = JavascriptException\n        elif status in ErrorCode.SESSION_NOT_CREATED:\n            exception_class = SessionNotCreatedException\n        elif status in ErrorCode.INVALID_ARGUMENT:\n            exception_class = InvalidArgumentException\n        elif status in ErrorCode.NO_SUCH_COOKIE:\n            exception_class = NoSuchCookieException\n        elif status in ErrorCode.UNABLE_TO_CAPTURE_SCREEN:\n            exception_class = ScreenshotException\n        elif status in ErrorCode.ELEMENT_CLICK_INTERCEPTED:\n            exception_class = ElementClickInterceptedException\n        elif status in ErrorCode.INSECURE_CERTIFICATE:\n            exception_class = InsecureCertificateException\n        elif status in ErrorCode.INVALID_COORDINATES:\n            exception_class = InvalidCoordinatesException\n        elif status in ErrorCode.INVALID_SESSION_ID:\n            exception_class = InvalidSessionIdException\n        elif status in ErrorCode.UNKNOWN_METHOD:\n            exception_class = UnknownMethodException\n        else:\n            exception_class = WebDriverException\n        if value == '' or value is None:\n            value = response['value']\n        if isinstance(value, basestring):\n            if exception_class == ErrorInResponseException:\n                raise exception_class(response, value)\n            raise exception_class(value)\n        if message == \"\" and 'message' in value:\n            message = value['message']\n    \n        screen = None\n        if 'screen' in value:\n            screen = value['screen']\n    \n        stacktrace = None\n        if 'stackTrace' in value and value['stackTrace']:\n            stacktrace = []\n            try:\n                for frame in value['stackTrace']:\n                    line = self._value_or_default(frame, 'lineNumber', '')\n                    file = self._value_or_default(frame, 'fileName', '<anonymous>')\n                    if line:\n                        file = \"%s:%s\" % (file, line)\n                    meth = self._value_or_default(frame, 'methodName', '<anonymous>')\n                    if 'className' in frame:\n                        meth = \"%s.%s\" % (frame['className'], meth)\n                    msg = \"    at %s (%s)\"\n                    msg = msg % (meth, file)\n                    stacktrace.append(msg)\n            except TypeError:\n                pass\n        if exception_class == ErrorInResponseException:\n            raise exception_class(response, message)\n        elif exception_class == UnexpectedAlertPresentException:\n            alert_text = None\n            if 'data' in value:\n                alert_text = value['data'].get('text')\n            elif 'alert' in value:\n                alert_text = value['alert'].get('text')\n            raise exception_class(message, screen, stacktrace, alert_text)\n>       raise exception_class(message, screen, stacktrace)\nE       selenium.common.exceptions.NoSuchElementException: Message: no such element: Unable to locate element: {\"method\":\"css selector\",\"selector\":\".alert-warning\"}\nE         (Session info: chrome=75.0.3770.142)\n\n/workspace/python_env/sty_env/lib/python3.6/site-packages/selenium/webdriver/remote/errorhandler.py:242: NoSuchElementException"}, "description": "\n        错误的用户名密码登录\n        ", "steps": [{"name": "打开testerhome", "status": "passed", "start": 1564884308922, "stop": 1564884310743}, {"name": "点击登录按钮", "status": "passed", "start": 1564884310745, "stop": 1564884310900}, {"name": "输入用户名、密码", "status": "passed", "start": 1564884310900, "stop": 1564884311183}, {"name": "断言用户名密码错误", "status": "broken", "statusDetails": {"message": "selenium.common.exceptions.NoSuchElementException: Message: no such element: Unable to locate element: {\"method\":\"css selector\",\"selector\":\".alert-warning\"}\n  (Session info: chrome=75.0.3770.142)\n\n", "trace": "  File \"/Users/anxiaodong/PycharmProjects/sty_env/test_home/test_home.py\", line 98, in test_error_username_password\n    error_info = self.driver.find_element(By.CSS_SELECTOR, \".alert-warning\").text\n  File \"/workspace/python_env/sty_env/lib/python3.6/site-packages/selenium/webdriver/remote/webdriver.py\", line 978, in find_element\n    'value': value})['value']\n  File \"/workspace/python_env/sty_env/lib/python3.6/site-packages/selenium/webdriver/remote/webdriver.py\", line 321, in execute\n    self.error_handler.check_response(response)\n  File \"/workspace/python_env/sty_env/lib/python3.6/site-packages/selenium/webdriver/remote/errorhandler.py\", line 242, in check_response\n    raise exception_class(message, screen, stacktrace)\n"}, "start": 1564884311183, "stop": 1564884321222}], "attachments": [{"name": "log", "source": "6fa0177e-e7d7-44d5-98ef-0dfc3b8f04c1-attachment.txt", "type": "text/plain"}, {"name": "stdout", "source": "ffe492cf-c1b0-4279-85e3-2ab9700358a0-attachment.txt", "type": "text/plain"}, {"name": "stderr", "source": "d9c43d76-068c-4ec8-b43a-12e16a8d0b24-attachment.txt", "type": "text/plain"}], "parameters": [{"name": "username", "value": "'an5456'"}, {"name": "password", "value": "23456"}], "start": 1564884310745, "stop": 1564884321225, "uuid": "b034da8a-20dc-4932-b167-d8caa7df1f5a", "historyId": "5b4a1e0c295d12a35394ba97e9245008", "fullName": "test_home.TestHomework#test_error_username_password[an5456-23456]", "labels": [{"name": "feature", "value": "课后作业"}, {"name": "story", "value": "错误的用户名密码登录"}, {"name": "suite", "value": "test_home"}, {"name": "subSuite", "value": "TestHomework"}, {"name": "host", "value": "anxiaodongdeMacBook-Pro.local"}, {"name": "thread", "value": "37203-MainThread"}, {"name": "framework", "value": "pytest"}, {"name": "language", "value": "cpython3"}, {"name": "package", "value": "test_home"}]}